weights: [array([[-2.07641108,  0.07110502,  0.41787753, ...,  0.27201745,
         0.0331883 ,  1.44965646],
       [ 0.83524   , -1.71175233, -0.12900378, ...,  1.54812181,
         0.28274144, -0.33494504],
       [-0.73116828, -0.72205915,  1.94708288, ...,  0.55632152,
        -1.05569676,  1.26722059],
       ...,
       [ 1.93593626,  0.25150979, -1.64597776, ...,  0.11539488,
         2.14491647,  0.20350189],
       [-1.47960415, -1.20484759,  0.06336137, ...,  1.2787164 ,
         0.23288059, -0.33137206],
       [ 0.53100929,  2.61882394,  1.15127564, ...,  1.55779038,
        -0.01856754,  0.91946545]]), array([[ 1.80563696,  1.44835613,  0.15434494, -0.16846989, -0.23000662,
        -1.05555812, -0.518782  ,  0.00610479, -2.11084319, -1.56049498,
         0.90258233,  0.24605998,  1.0888094 , -0.0550376 ,  0.40764578,
         2.02131126,  2.26342114,  0.16121571, -1.06229188,  0.60621785,
        -0.34773517,  0.35566525,  0.50310633, -2.08504196,  1.83270484,
         0.48600445,  1.56639075,  0.00561701,  1.4327127 , -0.36315947],
       [ 0.35434863,  0.72137118,  0.10804963, -1.70042593,  1.02440061,
         0.73964186, -0.01608383, -1.02380182, -0.99071755,  0.43604256,
        -0.28224874, -0.28808956,  2.07691363,  1.50693476,  0.2958263 ,
        -0.85039763, -0.30762098, -0.84813586, -0.70449576,  0.79895949,
         1.31193997,  0.93747536, -0.09271125,  1.14503275, -1.61886123,
         0.55549127, -0.58811992, -0.76892302, -0.0064184 ,  0.4597984 ],
       [ 1.59082002, -0.15642068, -1.58465476,  0.88140946, -2.32742855,
        -0.58186119, -0.32600632,  0.27444189,  0.6477684 ,  0.25228866,
         0.27057576,  0.46882592,  0.94124285,  1.45383722,  2.20993232,
        -2.01573776,  1.54137023, -1.11125124, -0.86009145,  0.6703802 ,
        -0.2107932 ,  0.43520289,  0.76033759, -0.87872324,  0.91064629,
         0.29802603,  0.39456644,  0.70994457,  0.7871555 , -0.63390474],
       [-0.97719242,  0.23132145, -1.75197573, -0.80126038,  0.9486797 ,
         1.25233035, -0.77426243,  0.58927427,  0.28996348, -0.88910745,
         1.01948507, -1.83169202,  0.21857059,  1.33700747, -0.19892776,
        -0.86641362,  1.19052096,  0.32768108, -0.03373508,  1.36413168,
         1.69807783, -0.76532293,  0.37373295, -0.3718729 , -1.30449604,
         0.43836457, -0.90406338,  0.44557885, -0.25654218, -1.32365316],
       [-0.88110979, -0.32007053,  0.86898191,  0.64520725, -1.24564026,
         0.68628351,  0.28627796,  0.58853397,  1.37352036, -1.79569989,
         0.18489837,  0.69437284,  0.98197016, -0.65793453,  0.61622253,
         0.27489069,  0.49944389, -1.24905899,  0.87298641,  1.84430998,
         0.06134344, -1.31680108, -0.00336248, -1.12482173,  0.80858215,
        -0.57868346, -1.22347275,  0.095674  ,  0.59544153,  0.75910896],
       [ 0.39676076,  0.41129389, -1.16478712,  0.63506605,  1.53754121,
         1.20344193,  1.05237044, -2.49149927,  0.68905468,  0.11099361,
        -0.14713259, -1.6121714 , -1.73844674,  0.14661281, -0.00872821,
        -0.70763136,  0.1544376 ,  0.18054856, -0.7778842 , -1.29368063,
        -0.97157104, -2.43140817, -1.36293967,  1.53140089, -1.60484528,
        -0.04789974, -0.3502974 , -1.26046824, -1.14477287, -0.47837201],
       [-0.96885596,  1.01360364, -0.517351  , -1.26886098, -0.82426506,
        -1.9400366 , -0.30718908, -2.22190015, -0.27174024,  0.89127927,
         1.5407949 , -0.68981939, -0.64013872,  1.59269003, -1.1496036 ,
         0.58187021, -2.62927998,  0.71672946,  1.54092395, -0.35299553,
         0.21812461, -0.56715251, -1.0583379 , -0.20506236,  0.89280974,
        -1.15998216, -2.18123311, -0.07246475,  0.37357093,  0.95742812],
       [ 0.80379106, -0.157702  ,  0.76465696, -2.07323537,  0.22146132,
         0.46484812, -0.12468981, -2.22834579,  0.02240908,  0.94844091,
        -0.78131758, -0.00463321, -0.65556288,  0.32534896, -1.33437993,
         0.31411277, -0.91171661,  0.73136782,  0.69340562, -0.04426708,
         0.09710552, -2.01582475, -0.48492606, -0.12563661,  0.06861833,
         0.72148286,  0.47160678, -0.6311893 , -0.12073887, -0.64664619],
       [-0.20645743, -0.30211906,  1.94015012,  0.32265444, -1.04537569,
         0.09596612,  0.20353847,  1.33830734,  0.31374615, -0.98934853,
        -0.27762044, -1.60690746,  0.05960854,  1.4456079 , -1.90272123,
         0.79664137, -0.57144414, -0.76992452, -0.07650139, -0.75267123,
         0.475251  ,  0.58061846,  0.18734348, -0.20919127, -0.01309608,
        -0.37304793, -1.09489371,  0.0213366 ,  0.56257264, -0.88711603],
       [-0.13336242, -0.02586129, -0.01030193,  1.49007844,  0.99012747,
        -0.55416355,  1.50004834, -1.94920656,  1.24556133,  0.66302346,
        -1.47351949,  0.33670368, -1.17819874,  1.09770817, -1.76163726,
         0.95971597, -1.09902216,  0.06309887, -0.98904045, -0.16051999,
        -0.3565918 ,  0.82368628, -0.27156274, -0.53239424, -1.31543131,
         1.79652752,  1.44822522,  0.66723996,  0.2145054 , -1.69984065]])]
shape:
(30, 784)
10
1
test_data (array([[0.        ],
       [0.        ],
       [0.        ],
       [0.        ],
       [0.        ],
       [0.        ],
       [0.        ],
       [0.        ],
       [0.        ],
       [0.        ],
       [0.        ],
       [0.        ],
       [0.        ],
       [0.        ],
       [0.        ],
       [0.        ],
       [0.        ],
       [0.        ],
       [0.        ],
       [0.        ],
       [0.        ],
       [0.        ],
       [0.        ],
       [0.        ],
       [0.        ],
       [0.        ],
       [0.        ],
       [0.        ],
       [0.        ],
       [0.        ],
       [0.        ],
       [0.        ],
       [0.        ],
       [0.        ],
       [0.        ],
       [0.        ],
       [0.        ],
       [0.        ],
       [0.        ],
       [0.        ],
       [0.        ],
       [0.        ],
       [0.        ],
       [0.        ],
       [0.        ],
       [0.        ],
       [0.        ],
       [0.        ],
       [0.        ],
       [0.        ],
       [0.        ],
       [0.        ],
       [0.        ],
       [0.        ],
       [0.        ],
       [0.        ],
       [0.        ],
       [0.        ],
       [0.        ],
       [0.        ],
       [0.        ],
       [0.        ],
       [0.        ],
       [0.        ],
       [0.        ],
       [0.        ],
       [0.        ],
       [0.        ],
       [0.        ],
       [0.        ],
       [0.        ],
       [0.        ],
       [0.        ],
       [0.        ],
       [0.        ],
       [0.        ],
       [0.        ],
       [0.        ],
       [0.        ],
       [0.        ],
       [0.        ],
       [0.        ],
       [0.        ],
       [0.        ],
       [0.        ],
       [0.        ],
       [0.        ],
       [0.        ],
       [0.        ],
       [0.        ],
       [0.        ],
       [0.        ],
       [0.        ],
       [0.        ],
       [0.        ],
       [0.        ],
       [0.        ],
       [0.        ],
       [0.        ],
       [0.        ],
       [0.        ],
       [0.        ],
       [0.        ],
       [0.        ],
       [0.        ],
       [0.        ],
       [0.        ],
       [0.        ],
       [0.        ],
       [0.        ],
       [0.        ],
       [0.        ],
       [0.        ],
       [0.        ],
       [0.        ],
       [0.        ],
       [0.        ],
       [0.        ],
       [0.        ],
       [0.        ],
       [0.        ],
       [0.        ],
       [0.        ],
       [0.        ],
       [0.        ],
       [0.        ],
       [0.        ],
       [0.        ],
       [0.        ],
       [0.        ],
       [0.        ],
       [0.        ],
       [0.        ],
       [0.        ],
       [0.        ],
       [0.        ],
       [0.        ],
       [0.        ],
       [0.        ],
       [0.        ],
       [0.        ],
       [0.        ],
       [0.        ],
       [0.        ],
       [0.        ],
       [0.        ],
       [0.        ],
       [0.        ],
       [0.        ],
       [0.        ],
       [0.        ],
       [0.        ],
       [0.        ],
       [0.        ],
       [0.        ],
       [0.        ],
       [0.        ],
       [0.        ],
       [0.        ],
       [0.        ],
       [0.        ],
       [0.        ],
       [0.        ],
       [0.        ],
       [0.        ],
       [0.        ],
       [0.        ],
       [0.        ],
       [0.        ],
       [0.        ],
       [0.        ],
       [0.        ],
       [0.        ],
       [0.        ],
       [0.        ],
       [0.        ],
       [0.        ],
       [0.        ],
       [0.        ],
       [0.        ],
       [0.        ],
       [0.        ],
       [0.        ],
       [0.        ],
       [0.        ],
       [0.        ],
       [0.        ],
       [0.        ],
       [0.        ],
       [0.        ],
       [0.        ],
       [0.        ],
       [0.        ],
       [0.        ],
       [0.        ],
       [0.        ],
       [0.        ],
       [0.        ],
       [0.        ],
       [0.        ],
       [0.        ],
       [0.        ],
       [0.328125  ],
       [0.72265625],
       [0.62109375],
       [0.58984375],
       [0.234375  ],
       [0.140625  ],
       [0.        ],
       [0.        ],
       [0.        ],
       [0.        ],
       [0.        ],
       [0.        ],
       [0.        ],
       [0.        ],
       [0.        ],
       [0.        ],
       [0.        ],
       [0.        ],
       [0.        ],
       [0.        ],
       [0.        ],
       [0.        ],
       [0.        ],
       [0.        ],
       [0.        ],
       [0.        ],
       [0.        ],
       [0.        ],
       [0.8671875 ],
       [0.9921875 ],
       [0.9921875 ],
       [0.9921875 ],
       [0.9921875 ],
       [0.94140625],
       [0.7734375 ],
       [0.7734375 ],
       [0.7734375 ],
       [0.7734375 ],
       [0.7734375 ],
       [0.7734375 ],
       [0.7734375 ],
       [0.7734375 ],
       [0.6640625 ],
       [0.203125  ],
       [0.        ],
       [0.        ],
       [0.        ],
       [0.        ],
       [0.        ],
       [0.        ],
       [0.        ],
       [0.        ],
       [0.        ],
       [0.        ],
       [0.        ],
       [0.        ],
       [0.26171875],
       [0.4453125 ],
       [0.28125   ],
       [0.4453125 ],
       [0.63671875],
       [0.88671875],
       [0.9921875 ],
       [0.87890625],
       [0.9921875 ],
       [0.9921875 ],
       [0.9921875 ],
       [0.9765625 ],
       [0.89453125],
       [0.9921875 ],
       [0.9921875 ],
       [0.546875  ],
       [0.        ],
       [0.        ],
       [0.        ],
       [0.        ],
       [0.        ],
       [0.        ],
       [0.        ],
       [0.        ],
       [0.        ],
       [0.        ],
       [0.        ],
       [0.        ],
       [0.        ],
       [0.        ],
       [0.        ],
       [0.        ],
       [0.        ],
       [0.06640625],
       [0.2578125 ],
       [0.0546875 ],
       [0.26171875],
       [0.26171875],
       [0.26171875],
       [0.23046875],
       [0.08203125],
       [0.921875  ],
       [0.9921875 ],
       [0.4140625 ],
       [0.        ],
       [0.        ],
       [0.        ],
       [0.        ],
       [0.        ],
       [0.        ],
       [0.        ],
       [0.        ],
       [0.        ],
       [0.        ],
       [0.        ],
       [0.        ],
       [0.        ],
       [0.        ],
       [0.        ],
       [0.        ],
       [0.        ],
       [0.        ],
       [0.        ],
       [0.        ],
       [0.        ],
       [0.        ],
       [0.        ],
       [0.        ],
       [0.32421875],
       [0.98828125],
       [0.81640625],
       [0.0703125 ],
       [0.        ],
       [0.        ],
       [0.        ],
       [0.        ],
       [0.        ],
       [0.        ],
       [0.        ],
       [0.        ],
       [0.        ],
       [0.        ],
       [0.        ],
       [0.        ],
       [0.        ],
       [0.        ],
       [0.        ],
       [0.        ],
       [0.        ],
       [0.        ],
       [0.        ],
       [0.        ],
       [0.        ],
       [0.        ],
       [0.        ],
       [0.0859375 ],
       [0.91015625],
       [0.99609375],
       [0.32421875],
       [0.        ],
       [0.        ],
       [0.        ],
       [0.        ],
       [0.        ],
       [0.        ],
       [0.        ],
       [0.        ],
       [0.        ],
       [0.        ],
       [0.        ],
       [0.        ],
       [0.        ],
       [0.        ],
       [0.        ],
       [0.        ],
       [0.        ],
       [0.        ],
       [0.        ],
       [0.        ],
       [0.        ],
       [0.        ],
       [0.        ],
       [0.        ],
       [0.50390625],
       [0.9921875 ],
       [0.9296875 ],
       [0.171875  ],
       [0.        ],
       [0.        ],
       [0.        ],
       [0.        ],
       [0.        ],
       [0.        ],
       [0.        ],
       [0.        ],
       [0.        ],
       [0.        ],
       [0.        ],
       [0.        ],
       [0.        ],
       [0.        ],
       [0.        ],
       [0.        ],
       [0.        ],
       [0.        ],
       [0.        ],
       [0.        ],
       [0.        ],
       [0.        ],
       [0.        ],
       [0.23046875],
       [0.97265625],
       [0.9921875 ],
       [0.2421875 ],
       [0.        ],
       [0.        ],
       [0.        ],
       [0.        ],
       [0.        ],
       [0.        ],
       [0.        ],
       [0.        ],
       [0.        ],
       [0.        ],
       [0.        ],
       [0.        ],
       [0.        ],
       [0.        ],
       [0.        ],
       [0.        ],
       [0.        ],
       [0.        ],
       [0.        ],
       [0.        ],
       [0.        ],
       [0.        ],
       [0.        ],
       [0.        ],
       [0.51953125],
       [0.9921875 ],
       [0.73046875],
       [0.01953125],
       [0.        ],
       [0.        ],
       [0.        ],
       [0.        ],
       [0.        ],
       [0.        ],
       [0.        ],
       [0.        ],
       [0.        ],
       [0.        ],
       [0.        ],
       [0.        ],
       [0.        ],
       [0.        ],
       [0.        ],
       [0.        ],
       [0.        ],
       [0.        ],
       [0.        ],
       [0.        ],
       [0.        ],
       [0.        ],
       [0.        ],
       [0.03515625],
       [0.80078125],
       [0.96875   ],
       [0.2265625 ],
       [0.        ],
       [0.        ],
       [0.        ],
       [0.        ],
       [0.        ],
       [0.        ],
       [0.        ],
       [0.        ],
       [0.        ],
       [0.        ],
       [0.        ],
       [0.        ],
       [0.        ],
       [0.        ],
       [0.        ],
       [0.        ],
       [0.        ],
       [0.        ],
       [0.        ],
       [0.        ],
       [0.        ],
       [0.        ],
       [0.        ],
       [0.        ],
       [0.4921875 ],
       [0.9921875 ],
       [0.7109375 ],
       [0.        ],
       [0.        ],
       [0.        ],
       [0.        ],
       [0.        ],
       [0.        ],
       [0.        ],
       [0.        ],
       [0.        ],
       [0.        ],
       [0.        ],
       [0.        ],
       [0.        ],
       [0.        ],
       [0.        ],
       [0.        ],
       [0.        ],
       [0.        ],
       [0.        ],
       [0.        ],
       [0.        ],
       [0.        ],
       [0.        ],
       [0.        ],
       [0.29296875],
       [0.98046875],
       [0.9375    ],
       [0.22265625],
       [0.        ],
       [0.        ],
       [0.        ],
       [0.        ],
       [0.        ],
       [0.        ],
       [0.        ],
       [0.        ],
       [0.        ],
       [0.        ],
       [0.        ],
       [0.        ],
       [0.        ],
       [0.        ],
       [0.        ],
       [0.        ],
       [0.        ],
       [0.        ],
       [0.        ],
       [0.        ],
       [0.        ],
       [0.        ],
       [0.        ],
       [0.07421875],
       [0.86328125],
       [0.9921875 ],
       [0.6484375 ],
       [0.        ],
       [0.        ],
       [0.        ],
       [0.        ],
       [0.        ],
       [0.        ],
       [0.        ],
       [0.        ],
       [0.        ],
       [0.        ],
       [0.        ],
       [0.        ],
       [0.        ],
       [0.        ],
       [0.        ],
       [0.        ],
       [0.        ],
       [0.        ],
       [0.        ],
       [0.        ],
       [0.        ],
       [0.        ],
       [0.        ],
       [0.01171875],
       [0.79296875],
       [0.9921875 ],
       [0.85546875],
       [0.13671875],
       [0.        ],
       [0.        ],
       [0.        ],
       [0.        ],
       [0.        ],
       [0.        ],
       [0.        ],
       [0.        ],
       [0.        ],
       [0.        ],
       [0.        ],
       [0.        ],
       [0.        ],
       [0.        ],
       [0.        ],
       [0.        ],
       [0.        ],
       [0.        ],
       [0.        ],
       [0.        ],
       [0.        ],
       [0.        ],
       [0.        ],
       [0.1484375 ],
       [0.9921875 ],
       [0.9921875 ],
       [0.30078125],
       [0.        ],
       [0.        ],
       [0.        ],
       [0.        ],
       [0.        ],
       [0.        ],
       [0.        ],
       [0.        ],
       [0.        ],
       [0.        ],
       [0.        ],
       [0.        ],
       [0.        ],
       [0.        ],
       [0.        ],
       [0.        ],
       [0.        ],
       [0.        ],
       [0.        ],
       [0.        ],
       [0.        ],
       [0.        ],
       [0.        ],
       [0.12109375],
       [0.875     ],
       [0.9921875 ],
       [0.44921875],
       [0.00390625],
       [0.        ],
       [0.        ],
       [0.        ],
       [0.        ],
       [0.        ],
       [0.        ],
       [0.        ],
       [0.        ],
       [0.        ],
       [0.        ],
       [0.        ],
       [0.        ],
       [0.        ],
       [0.        ],
       [0.        ],
       [0.        ],
       [0.        ],
       [0.        ],
       [0.        ],
       [0.        ],
       [0.        ],
       [0.        ],
       [0.        ],
       [0.51953125],
       [0.9921875 ],
       [0.9921875 ],
       [0.203125  ],
       [0.        ],
       [0.        ],
       [0.        ],
       [0.        ],
       [0.        ],
       [0.        ],
       [0.        ],
       [0.        ],
       [0.        ],
       [0.        ],
       [0.        ],
       [0.        ],
       [0.        ],
       [0.        ],
       [0.        ],
       [0.        ],
       [0.        ],
       [0.        ],
       [0.        ],
       [0.        ],
       [0.        ],
       [0.        ],
       [0.        ],
       [0.23828125],
       [0.9453125 ],
       [0.9921875 ],
       [0.9921875 ],
       [0.203125  ],
       [0.        ],
       [0.        ],
       [0.        ],
       [0.        ],
       [0.        ],
       [0.        ],
       [0.        ],
       [0.        ],
       [0.        ],
       [0.        ],
       [0.        ],
       [0.        ],
       [0.        ],
       [0.        ],
       [0.        ],
       [0.        ],
       [0.        ],
       [0.        ],
       [0.        ],
       [0.        ],
       [0.        ],
       [0.        ],
       [0.        ],
       [0.47265625],
       [0.9921875 ],
       [0.9921875 ],
       [0.85546875],
       [0.15625   ],
       [0.        ],
       [0.        ],
       [0.        ],
       [0.        ],
       [0.        ],
       [0.        ],
       [0.        ],
       [0.        ],
       [0.        ],
       [0.        ],
       [0.        ],
       [0.        ],
       [0.        ],
       [0.        ],
       [0.        ],
       [0.        ],
       [0.        ],
       [0.        ],
       [0.        ],
       [0.        ],
       [0.        ],
       [0.        ],
       [0.        ],
       [0.47265625],
       [0.9921875 ],
       [0.80859375],
       [0.0703125 ],
       [0.        ],
       [0.        ],
       [0.        ],
       [0.        ],
       [0.        ],
       [0.        ],
       [0.        ],
       [0.        ],
       [0.        ],
       [0.        ],
       [0.        ],
       [0.        ],
       [0.        ],
       [0.        ],
       [0.        ],
       [0.        ],
       [0.        ],
       [0.        ],
       [0.        ],
       [0.        ],
       [0.        ],
       [0.        ],
       [0.        ],
       [0.        ],
       [0.        ],
       [0.        ],
       [0.        ],
       [0.        ],
       [0.        ],
       [0.        ],
       [0.        ],
       [0.        ],
       [0.        ],
       [0.        ],
       [0.        ],
       [0.        ],
       [0.        ],
       [0.        ],
       [0.        ],
       [0.        ],
       [0.        ],
       [0.        ]], dtype=float32), 7)
shape of test_data[0][0]:
(784, 1)
<class 'list'>
b: [[ 0.77618658]
 [-0.54664955]
 [ 0.62970758]
 [ 2.4034672 ]
 [ 1.28483965]
 [-0.79375995]
 [ 1.97530644]
 [ 0.20118079]
 [-0.39661097]
 [-1.38191562]
 [ 1.15708987]
 [-0.11596004]
 [ 2.28984851]
 [-0.35833576]
 [-0.3062064 ]
 [ 0.30322822]
 [ 0.55701037]
 [-0.95070874]
 [-0.55424766]
 [ 0.59953312]
 [ 0.2288491 ]
 [ 1.31455162]
 [ 0.63431083]
 [ 0.00474461]
 [ 0.09236223]
 [ 0.84403126]
 [-0.34559882]
 [ 0.61939514]
 [-0.75563793]
 [ 0.62293788]]
w: [[-2.07641108  0.07110502  0.41787753 ...  0.27201745  0.0331883
   1.44965646]
 [ 0.83524    -1.71175233 -0.12900378 ...  1.54812181  0.28274144
  -0.33494504]
 [-0.73116828 -0.72205915  1.94708288 ...  0.55632152 -1.05569676
   1.26722059]
 ...
 [ 1.93593626  0.25150979 -1.64597776 ...  0.11539488  2.14491647
   0.20350189]
 [-1.47960415 -1.20484759  0.06336137 ...  1.2787164   0.23288059
  -0.33137206]
 [ 0.53100929  2.61882394  1.15127564 ...  1.55779038 -0.01856754
   0.91946545]]
a: [[2.14111591e-03]
 [9.99999729e-01]
 [7.50027679e-02]
 [9.99999777e-01]
 [9.99999992e-01]
 [7.85418962e-02]
 [2.05940914e-05]
 [1.37371370e-02]
 [2.89649730e-03]
 [2.92363097e-03]
 [4.72768314e-03]
 [9.48838569e-01]
 [7.21594173e-04]
 [1.23428063e-05]
 [5.81093825e-05]
 [9.94696443e-01]
 [1.00946280e-02]
 [1.12594986e-05]
 [6.37671228e-01]
 [9.73613462e-01]
 [8.20145456e-01]
 [1.65418731e-02]
 [1.33898211e-03]
 [9.85942862e-01]
 [8.69763273e-06]
 [1.70637047e-02]
 [1.85013814e-02]
 [1.26675069e-03]
 [2.09025542e-05]
 [9.99989113e-01]]
b: [[-0.08120007]
 [-1.36089793]
 [-0.47130476]
 [ 0.003466  ]
 [ 0.73771265]
 [-0.83441109]
 [ 0.00808814]
 [ 0.25992092]
 [ 0.08675219]
 [ 0.77290857]]
w: [[ 1.80563696  1.44835613  0.15434494 -0.16846989 -0.23000662 -1.05555812
  -0.518782    0.00610479 -2.11084319 -1.56049498  0.90258233  0.24605998
   1.0888094  -0.0550376   0.40764578  2.02131126  2.26342114  0.16121571
  -1.06229188  0.60621785 -0.34773517  0.35566525  0.50310633 -2.08504196
   1.83270484  0.48600445  1.56639075  0.00561701  1.4327127  -0.36315947]
 [ 0.35434863  0.72137118  0.10804963 -1.70042593  1.02440061  0.73964186
  -0.01608383 -1.02380182 -0.99071755  0.43604256 -0.28224874 -0.28808956
   2.07691363  1.50693476  0.2958263  -0.85039763 -0.30762098 -0.84813586
  -0.70449576  0.79895949  1.31193997  0.93747536 -0.09271125  1.14503275
  -1.61886123  0.55549127 -0.58811992 -0.76892302 -0.0064184   0.4597984 ]
 [ 1.59082002 -0.15642068 -1.58465476  0.88140946 -2.32742855 -0.58186119
  -0.32600632  0.27444189  0.6477684   0.25228866  0.27057576  0.46882592
   0.94124285  1.45383722  2.20993232 -2.01573776  1.54137023 -1.11125124
  -0.86009145  0.6703802  -0.2107932   0.43520289  0.76033759 -0.87872324
   0.91064629  0.29802603  0.39456644  0.70994457  0.7871555  -0.63390474]
 [-0.97719242  0.23132145 -1.75197573 -0.80126038  0.9486797   1.25233035
  -0.77426243  0.58927427  0.28996348 -0.88910745  1.01948507 -1.83169202
   0.21857059  1.33700747 -0.19892776 -0.86641362  1.19052096  0.32768108
  -0.03373508  1.36413168  1.69807783 -0.76532293  0.37373295 -0.3718729
  -1.30449604  0.43836457 -0.90406338  0.44557885 -0.25654218 -1.32365316]
 [-0.88110979 -0.32007053  0.86898191  0.64520725 -1.24564026  0.68628351
   0.28627796  0.58853397  1.37352036 -1.79569989  0.18489837  0.69437284
   0.98197016 -0.65793453  0.61622253  0.27489069  0.49944389 -1.24905899
   0.87298641  1.84430998  0.06134344 -1.31680108 -0.00336248 -1.12482173
   0.80858215 -0.57868346 -1.22347275  0.095674    0.59544153  0.75910896]
 [ 0.39676076  0.41129389 -1.16478712  0.63506605  1.53754121  1.20344193
   1.05237044 -2.49149927  0.68905468  0.11099361 -0.14713259 -1.6121714
  -1.73844674  0.14661281 -0.00872821 -0.70763136  0.1544376   0.18054856
  -0.7778842  -1.29368063 -0.97157104 -2.43140817 -1.36293967  1.53140089
  -1.60484528 -0.04789974 -0.3502974  -1.26046824 -1.14477287 -0.47837201]
 [-0.96885596  1.01360364 -0.517351   -1.26886098 -0.82426506 -1.9400366
  -0.30718908 -2.22190015 -0.27174024  0.89127927  1.5407949  -0.68981939
  -0.64013872  1.59269003 -1.1496036   0.58187021 -2.62927998  0.71672946
   1.54092395 -0.35299553  0.21812461 -0.56715251 -1.0583379  -0.20506236
   0.89280974 -1.15998216 -2.18123311 -0.07246475  0.37357093  0.95742812]
 [ 0.80379106 -0.157702    0.76465696 -2.07323537  0.22146132  0.46484812
  -0.12468981 -2.22834579  0.02240908  0.94844091 -0.78131758 -0.00463321
  -0.65556288  0.32534896 -1.33437993  0.31411277 -0.91171661  0.73136782
   0.69340562 -0.04426708  0.09710552 -2.01582475 -0.48492606 -0.12563661
   0.06861833  0.72148286  0.47160678 -0.6311893  -0.12073887 -0.64664619]
 [-0.20645743 -0.30211906  1.94015012  0.32265444 -1.04537569  0.09596612
   0.20353847  1.33830734  0.31374615 -0.98934853 -0.27762044 -1.60690746
   0.05960854  1.4456079  -1.90272123  0.79664137 -0.57144414 -0.76992452
  -0.07650139 -0.75267123  0.475251    0.58061846  0.18734348 -0.20919127
  -0.01309608 -0.37304793 -1.09489371  0.0213366   0.56257264 -0.88711603]
 [-0.13336242 -0.02586129 -0.01030193  1.49007844  0.99012747 -0.55416355
   1.50004834 -1.94920656  1.24556133  0.66302346 -1.47351949  0.33670368
  -1.17819874  1.09770817 -1.76163726  0.95971597 -1.09902216  0.06309887
  -0.98904045 -0.16051999 -0.3565918   0.82368628 -0.27156274 -0.53239424
  -1.31543131  1.79652752  1.44822522  0.66723996  0.2145054  -1.69984065]]
a: [[0.60234184]
 [0.65020435]
 [0.00487641]
 [0.22421858]
 [0.94678372]
 [0.11103399]
 [0.52825287]
 [0.15542163]
 [0.0469585 ]
 [0.76566046]]